train_1.bmp 1
train_10.bmp 1
train_11.bmp 1
train_12.bmp 0
train_13.bmp 1
train_14.bmp 1
train_15.bmp 0
train_16.bmp 1
train_17.bmp 1
train_18.bmp 1
train_19.bmp 1
train_2.bmp 0
train_20.bmp 0
train_21.bmp 0
train_22.bmp 0
train_23.bmp 1
train_24.bmp 1
train_25.bmp 0
train_26.bmp 1
train_27.bmp 1
train_28.bmp 1
train_29.bmp 1
train_3.bmp 1
train_30.bmp 0
train_31.bmp 1
train_32.bmp 0
train_33.bmp 0
train_34.bmp 0
train_35.bmp 1
train_36.bmp 1
train_37.bmp 1
train_38.bmp 0
train_39.bmp 1
train_4.bmp 0
train_40.bmp 1
train_41.bmp 1
train_42.bmp 1
train_43.bmp 1
train_44.bmp 1
train_45.bmp 0
train_46.bmp 0
train_47.bmp 0
train_48.bmp 1
train_49.bmp 1
train_5.bmp 1
train_50.bmp 1
train_51.bmp 0
train_52.bmp 0
train_53.bmp 0
train_54.bmp 1
train_55.bmp 0
train_56.bmp 0
train_57.bmp 1
train_58.bmp 1
train_59.bmp 0
train_6.bmp 0
train_60.bmp 1
train_61.bmp 0
train_62.bmp 0
train_63.bmp 0
train_64.bmp 0
train_65.bmp 0
train_66.bmp 1
train_67.bmp 0
train_68.bmp 1
train_69.bmp 0
train_7.bmp 1
train_70.bmp 1
train_71.bmp 1
train_72.bmp 0
train_73.bmp 1
train_74.bmp 1
train_75.bmp 1
train_76.bmp 1
train_77.bmp 1
train_78.bmp 1
train_79.bmp 0
train_8.bmp 0
train_80.bmp 0
train_81.bmp 1
train_82.bmp 1
train_83.bmp 1
train_84.bmp 0
train_85.bmp 0
train_9.bmp 0
train_1.bmp 1
train_10.bmp 1
train_11.bmp 1
train_12.bmp 0
train_13.bmp 1
train_14.bmp 1
train_15.bmp 0
train_16.bmp 1
train_17.bmp 1
train_18.bmp 1
train_19.bmp 1
train_2.bmp 0
train_20.bmp 0
train_21.bmp 0
train_22.bmp 0
train_23.bmp 1
train_24.bmp 1
train_25.bmp 0
train_26.bmp 1
train_27.bmp 1
train_28.bmp 1
train_29.bmp 1
train_3.bmp 1
train_30.bmp 0
train_31.bmp 1
train_32.bmp 0
train_33.bmp 0
train_34.bmp 0
train_35.bmp 1
train_36.bmp 1
train_37.bmp 1
train_38.bmp 0
train_39.bmp 1
train_4.bmp 0
train_40.bmp 1
train_41.bmp 1
train_42.bmp 1
train_43.bmp 1
train_44.bmp 1
train_45.bmp 0
train_46.bmp 0
train_47.bmp 0
train_48.bmp 1
train_49.bmp 1
train_5.bmp 1
train_50.bmp 1
train_51.bmp 0
train_52.bmp 0
train_53.bmp 0
train_54.bmp 1
train_55.bmp 0
train_56.bmp 0
train_57.bmp 1
train_58.bmp 1
train_59.bmp 0
train_6.bmp 0
train_60.bmp 1
train_61.bmp 0
train_62.bmp 0
train_63.bmp 0
train_64.bmp 0
train_65.bmp 0
train_66.bmp 1
train_67.bmp 0
train_68.bmp 1
train_69.bmp 0
train_7.bmp 1
train_70.bmp 1
train_71.bmp 1
train_72.bmp 0
train_73.bmp 1
train_74.bmp 1
train_75.bmp 1
train_76.bmp 1
train_77.bmp 1
train_78.bmp 1
train_79.bmp 0
train_8.bmp 0
train_80.bmp 0
train_81.bmp 1
train_82.bmp 1
train_83.bmp 1
train_84.bmp 0
train_85.bmp 0
train_9.bmp 0
train_1.bmp 1
train_10.bmp 1
train_11.bmp 1
train_12.bmp 0
train_13.bmp 1
train_14.bmp 1
train_15.bmp 0
train_16.bmp 1
train_17.bmp 1
train_18.bmp 1
train_19.bmp 1
train_2.bmp 0
train_20.bmp 0
train_21.bmp 0
train_22.bmp 0
train_23.bmp 1
train_24.bmp 1
train_25.bmp 0
train_26.bmp 1
train_27.bmp 1
train_28.bmp 1
train_29.bmp 1
train_3.bmp 1
train_30.bmp 0
train_31.bmp 1
train_32.bmp 0
train_33.bmp 0
train_34.bmp 0
train_35.bmp 1
train_36.bmp 1
train_37.bmp 1
train_38.bmp 0
train_39.bmp 1
train_4.bmp 0
train_40.bmp 1
train_41.bmp 1
train_42.bmp 1
train_43.bmp 1
train_44.bmp 1
train_45.bmp 0
train_46.bmp 0
train_47.bmp 0
train_48.bmp 1
train_49.bmp 1
train_5.bmp 1
train_50.bmp 1
train_51.bmp 0
train_52.bmp 0
train_53.bmp 0
train_54.bmp 1
train_55.bmp 0
train_56.bmp 0
train_57.bmp 1
train_58.bmp 1
train_59.bmp 0
train_6.bmp 0
train_60.bmp 1
train_61.bmp 0
train_62.bmp 0
train_63.bmp 0
train_64.bmp 0
train_65.bmp 0
train_66.bmp 1
train_67.bmp 0
train_68.bmp 1
train_69.bmp 0
train_7.bmp 1
train_70.bmp 1
train_71.bmp 1
train_72.bmp 0
train_73.bmp 1
train_74.bmp 1
train_75.bmp 1
train_76.bmp 1
train_77.bmp 1
train_78.bmp 1
train_79.bmp 0
train_8.bmp 0
train_80.bmp 0
train_81.bmp 1
train_82.bmp 1
train_83.bmp 1
train_84.bmp 0
train_85.bmp 0
train_9.bmp 0
train_1.bmp 1
train_10.bmp 1
train_11.bmp 1
train_12.bmp 0
train_13.bmp 1
train_14.bmp 1
train_15.bmp 0
train_16.bmp 1
train_17.bmp 1
train_18.bmp 1
train_19.bmp 1
train_2.bmp 0
train_20.bmp 0
train_21.bmp 0
train_22.bmp 0
train_23.bmp 1
train_24.bmp 1
train_25.bmp 0
train_26.bmp 1
train_27.bmp 1
train_28.bmp 1
train_29.bmp 1
train_3.bmp 1
train_30.bmp 0
train_31.bmp 1
train_32.bmp 0
train_33.bmp 0
train_34.bmp 0
train_35.bmp 1
train_36.bmp 1
train_37.bmp 1
train_38.bmp 0
train_39.bmp 1
train_4.bmp 0
train_40.bmp 1
train_41.bmp 1
train_42.bmp 1
train_43.bmp 1
train_44.bmp 1
train_45.bmp 0
train_46.bmp 0
train_47.bmp 0
train_48.bmp 1
train_49.bmp 1
train_5.bmp 1
train_50.bmp 1
train_51.bmp 0
train_52.bmp 0
train_53.bmp 0
train_54.bmp 1
train_55.bmp 0
train_56.bmp 0
train_57.bmp 1
train_58.bmp 1
train_59.bmp 0
train_6.bmp 0
train_60.bmp 1
train_61.bmp 0
train_62.bmp 0
train_63.bmp 0
train_64.bmp 0
train_65.bmp 0
train_66.bmp 1
train_67.bmp 0
train_68.bmp 1
train_69.bmp 0
train_7.bmp 1
train_70.bmp 1
train_71.bmp 1
train_72.bmp 0
train_73.bmp 1
train_74.bmp 1
train_75.bmp 1
train_76.bmp 1
train_77.bmp 1
train_78.bmp 1
train_79.bmp 0
train_8.bmp 0
train_80.bmp 0
train_81.bmp 1
train_82.bmp 1
train_83.bmp 1
train_84.bmp 0
train_85.bmp 0
train_9.bmp 0
train_1.bmp 1
train_10.bmp 1
train_11.bmp 1
train_12.bmp 0
train_13.bmp 1
train_14.bmp 1
train_15.bmp 0
train_16.bmp 1
train_17.bmp 1
train_18.bmp 1
train_19.bmp 1
train_2.bmp 0
train_20.bmp 0
train_21.bmp 0
train_22.bmp 0
train_23.bmp 1
train_24.bmp 1
train_25.bmp 0
train_26.bmp 1
train_27.bmp 1
train_28.bmp 1
train_29.bmp 1
train_3.bmp 1
train_30.bmp 0
train_31.bmp 1
train_32.bmp 0
train_33.bmp 0
train_34.bmp 0
train_35.bmp 1
train_36.bmp 1
train_37.bmp 1
train_38.bmp 0
train_39.bmp 1
train_4.bmp 0
train_40.bmp 1
train_41.bmp 1
train_42.bmp 1
train_43.bmp 1
train_44.bmp 1
train_45.bmp 0
train_46.bmp 0
train_47.bmp 0
train_48.bmp 1
train_49.bmp 1
train_5.bmp 1
train_50.bmp 1
train_51.bmp 0
train_52.bmp 0
train_53.bmp 0
train_54.bmp 1
train_55.bmp 0
train_56.bmp 0
train_57.bmp 1
train_58.bmp 1
train_59.bmp 0
train_6.bmp 0
train_60.bmp 1
train_61.bmp 0
train_62.bmp 0
train_63.bmp 0
train_64.bmp 0
train_65.bmp 0
train_66.bmp 1
train_67.bmp 0
train_68.bmp 1
train_69.bmp 0
train_7.bmp 1
train_70.bmp 1
train_71.bmp 1
train_72.bmp 0
train_73.bmp 1
train_74.bmp 1
train_75.bmp 1
train_76.bmp 1
train_77.bmp 1
train_78.bmp 1
train_79.bmp 0
train_8.bmp 0
train_80.bmp 0
train_81.bmp 1
train_82.bmp 1
train_83.bmp 1
train_84.bmp 0
train_85.bmp 0
train_9.bmp 0
train_1.bmp 1
train_10.bmp 1
train_11.bmp 1
train_12.bmp 0
train_13.bmp 1
train_14.bmp 1
train_15.bmp 0
train_16.bmp 1
train_17.bmp 1
train_18.bmp 1
train_19.bmp 1
train_2.bmp 0
train_20.bmp 0
train_21.bmp 0
train_22.bmp 0
train_23.bmp 1
train_24.bmp 1
train_25.bmp 0
train_26.bmp 1
train_27.bmp 1
train_28.bmp 1
train_29.bmp 1
train_3.bmp 1
train_30.bmp 0
train_31.bmp 1
train_32.bmp 0
train_33.bmp 0
train_34.bmp 0
train_35.bmp 1
train_36.bmp 1
train_37.bmp 1
train_38.bmp 0
train_39.bmp 1
train_4.bmp 0
train_40.bmp 1
train_41.bmp 1
train_42.bmp 1
train_43.bmp 1
train_44.bmp 1
train_45.bmp 0
train_46.bmp 0
train_47.bmp 0
train_48.bmp 1
train_49.bmp 1
train_5.bmp 1
train_50.bmp 1
train_51.bmp 0
train_52.bmp 0
train_53.bmp 0
train_54.bmp 1
train_55.bmp 0
train_56.bmp 0
train_57.bmp 1
train_58.bmp 1
train_59.bmp 0
train_6.bmp 0
train_60.bmp 1
train_61.bmp 0
train_62.bmp 0
train_63.bmp 0
train_64.bmp 0
train_65.bmp 0
train_66.bmp 1
train_67.bmp 0
train_68.bmp 1
train_69.bmp 0
train_7.bmp 1
train_70.bmp 1
train_71.bmp 1
train_72.bmp 0
train_73.bmp 1
train_74.bmp 1
train_75.bmp 1
train_76.bmp 1
train_77.bmp 1
train_78.bmp 1
train_79.bmp 0
train_8.bmp 0
train_80.bmp 0
train_81.bmp 1
train_82.bmp 1
train_83.bmp 1
train_84.bmp 0
train_85.bmp 0
train_9.bmp 0
train_1.bmp 1
train_10.bmp 1
train_11.bmp 1
train_12.bmp 0
train_13.bmp 1
train_14.bmp 1
train_15.bmp 0
train_16.bmp 1
train_17.bmp 1
train_18.bmp 1
train_19.bmp 1
train_2.bmp 0
train_20.bmp 0
train_21.bmp 0
train_22.bmp 0
train_23.bmp 1
train_24.bmp 1
train_25.bmp 0
train_26.bmp 1
train_27.bmp 1
train_28.bmp 1
train_29.bmp 1
train_3.bmp 1
train_30.bmp 0
train_31.bmp 1
train_32.bmp 0
train_33.bmp 0
train_34.bmp 0
train_35.bmp 1
train_36.bmp 1
train_37.bmp 1
train_38.bmp 0
train_39.bmp 1
train_4.bmp 0
train_40.bmp 1
train_41.bmp 1
train_42.bmp 1
train_43.bmp 1
train_44.bmp 1
train_45.bmp 0
train_46.bmp 0
train_47.bmp 0
train_48.bmp 1
train_49.bmp 1
train_5.bmp 1
train_50.bmp 1
train_51.bmp 0
train_52.bmp 0
train_53.bmp 0
train_54.bmp 1
train_55.bmp 0
train_56.bmp 0
train_57.bmp 1
train_58.bmp 1
train_59.bmp 0
train_6.bmp 0
train_60.bmp 1
train_61.bmp 0
train_62.bmp 0
train_63.bmp 0
train_64.bmp 0
train_65.bmp 0
train_66.bmp 1
train_67.bmp 0
train_68.bmp 1
train_69.bmp 0
train_7.bmp 1
train_70.bmp 1
train_71.bmp 1
train_72.bmp 0
train_73.bmp 1
train_74.bmp 1
train_75.bmp 1
train_76.bmp 1
train_77.bmp 1
train_78.bmp 1
train_79.bmp 0
train_8.bmp 0
train_80.bmp 0
train_81.bmp 1
train_82.bmp 1
train_83.bmp 1
train_84.bmp 0
train_85.bmp 0
train_9.bmp 0
train_1.bmp 1
train_10.bmp 1
train_11.bmp 1
train_12.bmp 0
train_13.bmp 1
train_14.bmp 1
train_15.bmp 0
train_16.bmp 1
train_17.bmp 1
train_18.bmp 1
train_19.bmp 1
train_2.bmp 0
train_20.bmp 0
train_21.bmp 0
train_22.bmp 0
train_23.bmp 1
train_24.bmp 1
train_25.bmp 0
train_26.bmp 1
train_27.bmp 1
train_28.bmp 1
train_29.bmp 1
train_3.bmp 1
train_30.bmp 0
train_31.bmp 1
train_32.bmp 0
train_33.bmp 0
train_34.bmp 0
train_35.bmp 1
train_36.bmp 1
train_37.bmp 1
train_38.bmp 0
train_39.bmp 1
train_4.bmp 0
train_40.bmp 1
train_41.bmp 1
train_42.bmp 1
train_43.bmp 1
train_44.bmp 1
train_45.bmp 0
train_46.bmp 0
train_47.bmp 0
train_48.bmp 1
train_49.bmp 1
train_5.bmp 1
train_50.bmp 1
train_51.bmp 0
train_52.bmp 0
train_53.bmp 0
train_54.bmp 1
train_55.bmp 0
train_56.bmp 0
train_57.bmp 1
train_58.bmp 1
train_59.bmp 0
train_6.bmp 0
train_60.bmp 1
train_61.bmp 0
train_62.bmp 0
train_63.bmp 0
train_64.bmp 0
train_65.bmp 0
train_66.bmp 1
train_67.bmp 0
train_68.bmp 1
train_69.bmp 0
train_7.bmp 1
train_70.bmp 1
train_71.bmp 1
train_72.bmp 0
train_73.bmp 1
train_74.bmp 1
train_75.bmp 1
train_76.bmp 1
train_77.bmp 1
train_78.bmp 1
train_79.bmp 0
train_8.bmp 0
train_80.bmp 0
train_81.bmp 1
train_82.bmp 1
train_83.bmp 1
train_84.bmp 0
train_85.bmp 0
train_9.bmp 0
train_1.bmp 1
train_10.bmp 1
train_11.bmp 1
train_12.bmp 0
train_13.bmp 1
train_14.bmp 1
train_15.bmp 0
train_16.bmp 1
train_17.bmp 1
train_18.bmp 1
train_19.bmp 1
train_2.bmp 0
train_20.bmp 0
train_21.bmp 0
train_22.bmp 0
train_23.bmp 1
train_24.bmp 1
train_25.bmp 0
train_26.bmp 1
train_27.bmp 1
train_28.bmp 1
train_29.bmp 1
train_3.bmp 1
train_30.bmp 0
train_31.bmp 1
train_32.bmp 0
train_33.bmp 0
train_34.bmp 0
train_35.bmp 1
train_36.bmp 1
train_37.bmp 1
train_38.bmp 0
train_39.bmp 1
train_4.bmp 0
train_40.bmp 1
train_41.bmp 1
train_42.bmp 1
train_43.bmp 1
train_44.bmp 1
train_45.bmp 0
train_46.bmp 0
train_47.bmp 0
train_48.bmp 1
train_49.bmp 1
train_5.bmp 1
train_50.bmp 1
train_51.bmp 0
train_52.bmp 0
train_53.bmp 0
train_54.bmp 1
train_55.bmp 0
train_56.bmp 0
train_57.bmp 1
train_58.bmp 1
train_59.bmp 0
train_6.bmp 0
train_60.bmp 1
train_61.bmp 0
train_62.bmp 0
train_63.bmp 0
train_64.bmp 0
train_65.bmp 0
train_66.bmp 1
train_67.bmp 0
train_68.bmp 1
train_69.bmp 0
train_7.bmp 1
train_70.bmp 1
train_71.bmp 1
train_72.bmp 0
train_73.bmp 1
train_74.bmp 1
train_75.bmp 1
train_76.bmp 1
train_77.bmp 1
train_78.bmp 1
train_79.bmp 0
train_8.bmp 0
train_80.bmp 0
train_81.bmp 1
train_82.bmp 1
train_83.bmp 1
train_84.bmp 0
train_85.bmp 0
train_9.bmp 0
train_1.bmp 1
train_10.bmp 1
train_11.bmp 1
train_12.bmp 0
train_13.bmp 1
train_14.bmp 1
train_15.bmp 0
train_16.bmp 1
train_17.bmp 1
train_18.bmp 1
train_19.bmp 1
train_2.bmp 0
train_20.bmp 0
train_21.bmp 0
train_22.bmp 0
train_23.bmp 1
train_24.bmp 1
train_25.bmp 0
train_26.bmp 1
train_27.bmp 1
train_28.bmp 1
train_29.bmp 1
train_3.bmp 1
train_30.bmp 0
train_31.bmp 1
train_32.bmp 0
train_33.bmp 0
train_34.bmp 0
train_35.bmp 1
train_36.bmp 1
train_37.bmp 1
train_38.bmp 0
train_39.bmp 1
train_4.bmp 0
train_40.bmp 1
train_41.bmp 1
train_42.bmp 1
train_43.bmp 1
train_44.bmp 1
train_45.bmp 0
train_46.bmp 0
train_47.bmp 0
train_48.bmp 1
train_49.bmp 1
train_5.bmp 1
train_50.bmp 1
train_51.bmp 0
train_52.bmp 0
train_53.bmp 0
train_54.bmp 1
train_55.bmp 0
train_56.bmp 0
train_57.bmp 1
train_58.bmp 1
train_59.bmp 0
train_6.bmp 0
train_60.bmp 1
train_61.bmp 0
train_62.bmp 0
train_63.bmp 0
train_64.bmp 0
train_65.bmp 0
train_66.bmp 1
train_67.bmp 0
train_68.bmp 1
train_69.bmp 0
train_7.bmp 1
train_70.bmp 1
train_71.bmp 1
train_72.bmp 0
train_73.bmp 1
train_74.bmp 1
train_75.bmp 1
train_76.bmp 1
train_77.bmp 1
train_78.bmp 1
train_79.bmp 0
train_8.bmp 0
train_80.bmp 0
train_81.bmp 1
train_82.bmp 1
train_83.bmp 1
train_84.bmp 0
train_85.bmp 0
train_9.bmp 0
train_1.bmp 1
train_10.bmp 1
train_11.bmp 1
train_12.bmp 0
train_13.bmp 1
train_14.bmp 1
train_15.bmp 0
train_16.bmp 1
train_17.bmp 1
train_18.bmp 1
train_19.bmp 1
train_2.bmp 0
train_20.bmp 0
train_21.bmp 0
train_22.bmp 0
train_23.bmp 1
train_24.bmp 1
train_25.bmp 0
train_26.bmp 1
train_27.bmp 1
train_28.bmp 1
train_29.bmp 1
train_3.bmp 1
train_30.bmp 0
train_31.bmp 1
train_32.bmp 0
train_33.bmp 0
train_34.bmp 0
train_35.bmp 1
train_36.bmp 1
train_37.bmp 1
train_38.bmp 0
train_39.bmp 1
train_4.bmp 0
train_40.bmp 1
train_41.bmp 1
train_42.bmp 1
train_43.bmp 1
train_44.bmp 1
train_45.bmp 0
train_46.bmp 0
train_47.bmp 0
train_48.bmp 1
train_49.bmp 1
train_5.bmp 1
train_50.bmp 1
train_51.bmp 0
train_52.bmp 0
train_53.bmp 0
train_54.bmp 1
train_55.bmp 0
train_56.bmp 0
train_57.bmp 1
train_58.bmp 1
train_59.bmp 0
train_6.bmp 0
train_60.bmp 1
train_61.bmp 0
train_62.bmp 0
train_63.bmp 0
train_64.bmp 0
train_65.bmp 0
train_66.bmp 1
train_67.bmp 0
train_68.bmp 1
train_69.bmp 0
train_7.bmp 1
train_70.bmp 1
train_71.bmp 1
train_72.bmp 0
train_73.bmp 1
train_74.bmp 1
train_75.bmp 1
train_76.bmp 1
train_77.bmp 1
train_78.bmp 1
train_79.bmp 0
train_8.bmp 0
train_80.bmp 0
train_81.bmp 1
train_82.bmp 1
train_83.bmp 1
train_84.bmp 0
train_85.bmp 0
train_9.bmp 0
train_1.bmp 1
train_10.bmp 1
train_11.bmp 1
train_12.bmp 0
train_13.bmp 1
train_14.bmp 1
train_15.bmp 0
train_16.bmp 1
train_17.bmp 1
train_18.bmp 1
train_19.bmp 1
train_2.bmp 0
train_20.bmp 0
train_21.bmp 0
train_22.bmp 0
train_23.bmp 1
train_24.bmp 1
train_25.bmp 0
train_26.bmp 1
train_27.bmp 1
train_28.bmp 1
train_29.bmp 1
train_3.bmp 1
train_30.bmp 0
train_31.bmp 1
train_32.bmp 0
train_33.bmp 0
train_34.bmp 0
train_35.bmp 1
train_36.bmp 1
train_37.bmp 1
train_38.bmp 0
train_39.bmp 1
train_4.bmp 0
train_40.bmp 1
train_41.bmp 1
train_42.bmp 1
train_43.bmp 1
train_44.bmp 1
train_45.bmp 0
train_46.bmp 0
train_47.bmp 0
train_48.bmp 1
train_49.bmp 1
train_5.bmp 1
train_50.bmp 1
train_51.bmp 0
train_52.bmp 0
train_53.bmp 0
train_54.bmp 1
train_55.bmp 0
train_56.bmp 0
train_57.bmp 1
train_58.bmp 1
train_59.bmp 0
train_6.bmp 0
train_60.bmp 1
train_61.bmp 0
train_62.bmp 0
train_63.bmp 0
train_64.bmp 0
train_65.bmp 0
train_66.bmp 1
train_67.bmp 0
train_68.bmp 1
train_69.bmp 0
train_7.bmp 1
train_70.bmp 1
train_71.bmp 1
train_72.bmp 0
train_73.bmp 1
train_74.bmp 1
train_75.bmp 1
train_76.bmp 1
train_77.bmp 1
train_78.bmp 1
train_79.bmp 0
train_8.bmp 0
train_80.bmp 0
train_81.bmp 1
train_82.bmp 1
train_83.bmp 1
train_84.bmp 0
train_85.bmp 0
train_9.bmp 0
train_1.bmp 1
train_10.bmp 1
train_11.bmp 1
train_12.bmp 0
train_13.bmp 1
train_14.bmp 1
train_15.bmp 0
train_16.bmp 1
train_17.bmp 1
train_18.bmp 1
train_19.bmp 1
train_2.bmp 0
train_20.bmp 0
train_21.bmp 0
train_22.bmp 0
train_23.bmp 1
train_24.bmp 1
train_25.bmp 0
train_26.bmp 1
train_27.bmp 1
train_28.bmp 1
train_29.bmp 1
train_3.bmp 1
train_30.bmp 0
train_31.bmp 1
train_32.bmp 0
train_33.bmp 0
train_34.bmp 0
train_35.bmp 1
train_36.bmp 1
train_37.bmp 1
train_38.bmp 0
train_39.bmp 1
train_4.bmp 0
train_40.bmp 1
train_41.bmp 1
train_42.bmp 1
train_43.bmp 1
train_44.bmp 1
train_45.bmp 0
train_46.bmp 0
train_47.bmp 0
train_48.bmp 1
train_49.bmp 1
train_5.bmp 1
train_50.bmp 1
train_51.bmp 0
train_52.bmp 0
train_53.bmp 0
train_54.bmp 1
train_55.bmp 0
train_56.bmp 0
train_57.bmp 1
train_58.bmp 1
train_59.bmp 0
train_6.bmp 0
train_60.bmp 1
train_61.bmp 0
train_62.bmp 0
train_63.bmp 0
train_64.bmp 0
train_65.bmp 0
train_66.bmp 1
train_67.bmp 0
train_68.bmp 1
train_69.bmp 0
train_7.bmp 1
train_70.bmp 1
train_71.bmp 1
train_72.bmp 0
train_73.bmp 1
train_74.bmp 1
train_75.bmp 1
train_76.bmp 1
train_77.bmp 1
train_78.bmp 1
train_79.bmp 0
train_8.bmp 0
train_80.bmp 0
train_81.bmp 1
train_82.bmp 1
train_83.bmp 1
train_84.bmp 0
train_85.bmp 0
train_9.bmp 0
train_1.bmp 1
train_10.bmp 1
train_11.bmp 1
train_12.bmp 0
train_13.bmp 1
train_14.bmp 1
train_15.bmp 0
train_16.bmp 1
train_17.bmp 1
train_18.bmp 1
train_19.bmp 1
train_2.bmp 0
train_20.bmp 0
train_21.bmp 0
train_22.bmp 0
train_23.bmp 1
train_24.bmp 1
train_25.bmp 0
train_26.bmp 1
train_27.bmp 1
train_28.bmp 1
train_29.bmp 1
train_3.bmp 1
train_30.bmp 0
train_31.bmp 1
train_32.bmp 0
train_33.bmp 0
train_34.bmp 0
train_35.bmp 1
train_36.bmp 1
train_37.bmp 1
train_38.bmp 0
train_39.bmp 1
train_4.bmp 0
train_40.bmp 1
train_41.bmp 1
train_42.bmp 1
train_43.bmp 1
train_44.bmp 1
train_45.bmp 0
train_46.bmp 0
train_47.bmp 0
train_48.bmp 1
train_49.bmp 1
train_5.bmp 1
train_50.bmp 1
train_51.bmp 0
train_52.bmp 0
train_53.bmp 0
train_54.bmp 1
train_55.bmp 0
train_56.bmp 0
train_57.bmp 1
train_58.bmp 1
train_59.bmp 0
train_6.bmp 0
train_60.bmp 1
train_61.bmp 0
train_62.bmp 0
train_63.bmp 0
train_64.bmp 0
train_65.bmp 0
train_66.bmp 1
train_67.bmp 0
train_68.bmp 1
train_69.bmp 0
train_7.bmp 1
train_70.bmp 1
train_71.bmp 1
train_72.bmp 0
train_73.bmp 1
train_74.bmp 1
train_75.bmp 1
train_76.bmp 1
train_77.bmp 1
train_78.bmp 1
train_79.bmp 0
train_8.bmp 0
train_80.bmp 0
train_81.bmp 1
train_82.bmp 1
train_83.bmp 1
train_84.bmp 0
train_85.bmp 0
train_9.bmp 0
train_1.bmp 1
train_10.bmp 1
train_11.bmp 1
train_12.bmp 0
train_13.bmp 1
train_14.bmp 1
train_15.bmp 0
train_16.bmp 1
train_17.bmp 1
train_18.bmp 1
train_19.bmp 1
train_2.bmp 0
train_20.bmp 0
train_21.bmp 0
train_22.bmp 0
train_23.bmp 1
train_24.bmp 1
train_25.bmp 0
train_26.bmp 1
train_27.bmp 1
train_28.bmp 1
train_29.bmp 1
train_3.bmp 1
train_30.bmp 0
train_31.bmp 1
train_32.bmp 0
train_33.bmp 0
train_34.bmp 0
train_35.bmp 1
train_36.bmp 1
train_37.bmp 1
train_38.bmp 0
train_39.bmp 1
train_4.bmp 0
train_40.bmp 1
train_41.bmp 1
train_42.bmp 1
train_43.bmp 1
train_44.bmp 1
train_45.bmp 0
train_46.bmp 0
train_47.bmp 0
train_48.bmp 1
train_49.bmp 1
train_5.bmp 1
train_50.bmp 1
train_51.bmp 0
train_52.bmp 0
train_53.bmp 0
train_54.bmp 1
train_55.bmp 0
train_56.bmp 0
train_57.bmp 1
train_58.bmp 1
train_59.bmp 0
train_6.bmp 0
train_60.bmp 1
train_61.bmp 0
train_62.bmp 0
train_63.bmp 0
train_64.bmp 0
train_65.bmp 0
train_66.bmp 1
train_67.bmp 0
train_68.bmp 1
train_69.bmp 0
train_7.bmp 1
train_70.bmp 1
train_71.bmp 1
train_72.bmp 0
train_73.bmp 1
train_74.bmp 1
train_75.bmp 1
train_76.bmp 1
train_77.bmp 1
train_78.bmp 1
train_79.bmp 0
train_8.bmp 0
train_80.bmp 0
train_81.bmp 1
train_82.bmp 1
train_83.bmp 1
train_84.bmp 0
train_85.bmp 0
train_9.bmp 0
train_1.bmp 1
train_10.bmp 1
train_11.bmp 1
train_12.bmp 0
train_13.bmp 1
train_14.bmp 1
train_15.bmp 0
train_16.bmp 1
train_17.bmp 1
train_18.bmp 1
train_19.bmp 1
train_2.bmp 0
train_20.bmp 0
train_21.bmp 0
train_22.bmp 0
train_23.bmp 1
train_24.bmp 1
train_25.bmp 0
train_26.bmp 1
train_27.bmp 1
train_28.bmp 1
train_29.bmp 1
train_3.bmp 1
train_30.bmp 0
train_31.bmp 1
train_32.bmp 0
train_33.bmp 0
train_34.bmp 0
train_35.bmp 1
train_36.bmp 1
train_37.bmp 1
train_38.bmp 0
train_39.bmp 1
train_4.bmp 0
train_40.bmp 1
train_41.bmp 1
train_42.bmp 1
train_43.bmp 1
train_44.bmp 1
train_45.bmp 0
train_46.bmp 0
train_47.bmp 0
train_48.bmp 1
train_49.bmp 1
train_5.bmp 1
train_50.bmp 1
train_51.bmp 0
train_52.bmp 0
train_53.bmp 0
train_54.bmp 1
train_55.bmp 0
train_56.bmp 0
train_57.bmp 1
train_58.bmp 1
train_59.bmp 0
train_6.bmp 0
train_60.bmp 1
train_61.bmp 0
train_62.bmp 0
train_63.bmp 0
train_64.bmp 0
train_65.bmp 0
train_66.bmp 1
train_67.bmp 0
train_68.bmp 1
train_69.bmp 0
train_7.bmp 1
train_70.bmp 1
train_71.bmp 1
train_72.bmp 0
train_73.bmp 1
train_74.bmp 1
train_75.bmp 1
train_76.bmp 1
train_77.bmp 1
train_78.bmp 1
train_79.bmp 0
train_8.bmp 0
train_80.bmp 0
train_81.bmp 1
train_82.bmp 1
train_83.bmp 1
train_84.bmp 0
train_85.bmp 0
train_9.bmp 0
train_1.bmp 1
train_10.bmp 1
train_11.bmp 1
train_12.bmp 0
train_13.bmp 1
train_14.bmp 1
train_15.bmp 0
train_16.bmp 1
train_17.bmp 1
train_18.bmp 1
train_19.bmp 1
train_2.bmp 0
train_20.bmp 0
train_21.bmp 0
train_22.bmp 0
train_23.bmp 1
train_24.bmp 1
train_25.bmp 0
train_26.bmp 1
train_27.bmp 1
train_28.bmp 1
train_29.bmp 1
train_3.bmp 1
train_30.bmp 0
train_31.bmp 1
train_32.bmp 0
train_33.bmp 0
train_34.bmp 0
train_35.bmp 1
train_36.bmp 1
train_37.bmp 1
train_38.bmp 0
train_39.bmp 1
train_4.bmp 0
train_40.bmp 1
train_41.bmp 1
train_42.bmp 1
train_43.bmp 1
train_44.bmp 1
train_45.bmp 0
train_46.bmp 0
train_47.bmp 0
train_48.bmp 1
train_49.bmp 1
train_5.bmp 1
train_50.bmp 1
train_51.bmp 0
train_52.bmp 0
train_53.bmp 0
train_54.bmp 1
train_55.bmp 0
train_56.bmp 0
train_57.bmp 1
train_58.bmp 1
train_59.bmp 0
train_6.bmp 0
train_60.bmp 1
train_61.bmp 0
train_62.bmp 0
train_63.bmp 0
train_64.bmp 0
train_65.bmp 0
train_66.bmp 1
train_67.bmp 0
train_68.bmp 1
train_69.bmp 0
train_7.bmp 1
train_70.bmp 1
train_71.bmp 1
train_72.bmp 0
train_73.bmp 1
train_74.bmp 1
train_75.bmp 1
train_76.bmp 1
train_77.bmp 1
train_78.bmp 1
train_79.bmp 0
train_8.bmp 0
train_80.bmp 0
train_81.bmp 1
train_82.bmp 1
train_83.bmp 1
train_84.bmp 0
train_85.bmp 0
train_9.bmp 0
train_1.bmp 1
train_10.bmp 1
train_11.bmp 1
train_12.bmp 0
train_13.bmp 1
train_14.bmp 1
train_15.bmp 0
train_16.bmp 1
train_17.bmp 1
train_18.bmp 1
train_19.bmp 1
train_2.bmp 0
train_20.bmp 0
train_21.bmp 0
train_22.bmp 0
train_23.bmp 1
train_24.bmp 1
train_25.bmp 0
train_26.bmp 1
train_27.bmp 1
train_28.bmp 1
train_29.bmp 1
train_3.bmp 1
train_30.bmp 0
train_31.bmp 1
train_32.bmp 0
train_33.bmp 0
train_34.bmp 0
train_35.bmp 1
train_36.bmp 1
train_37.bmp 1
train_38.bmp 0
train_39.bmp 1
train_4.bmp 0
train_40.bmp 1
train_41.bmp 1
train_42.bmp 1
train_43.bmp 1
train_44.bmp 1
train_45.bmp 0
train_46.bmp 0
train_47.bmp 0
train_48.bmp 1
train_49.bmp 1
train_5.bmp 1
train_50.bmp 1
train_51.bmp 0
train_52.bmp 0
train_53.bmp 0
train_54.bmp 1
train_55.bmp 0
train_56.bmp 0
train_57.bmp 1
train_58.bmp 1
train_59.bmp 0
train_6.bmp 0
train_60.bmp 1
train_61.bmp 0
train_62.bmp 0
train_63.bmp 0
train_64.bmp 0
train_65.bmp 0
train_66.bmp 1
train_67.bmp 0
train_68.bmp 1
train_69.bmp 0
train_7.bmp 1
train_70.bmp 1
train_71.bmp 1
train_72.bmp 0
train_73.bmp 1
train_74.bmp 1
train_75.bmp 1
train_76.bmp 1
train_77.bmp 1
train_78.bmp 1
train_79.bmp 0
train_8.bmp 0
train_80.bmp 0
train_81.bmp 1
train_82.bmp 1
train_83.bmp 1
train_84.bmp 0
train_85.bmp 0
train_9.bmp 0
train_1.bmp 1
train_10.bmp 1
train_11.bmp 1
train_12.bmp 0
train_13.bmp 1
train_14.bmp 1
train_15.bmp 0
train_16.bmp 1
train_17.bmp 1
train_18.bmp 1
train_19.bmp 1
train_2.bmp 0
train_20.bmp 0
train_21.bmp 0
train_22.bmp 0
train_23.bmp 1
train_24.bmp 1
train_25.bmp 0
train_26.bmp 1
train_27.bmp 1
train_28.bmp 1
train_29.bmp 1
train_3.bmp 1
train_30.bmp 0
train_31.bmp 1
train_32.bmp 0
train_33.bmp 0
train_34.bmp 0
train_35.bmp 1
train_36.bmp 1
train_37.bmp 1
train_38.bmp 0
train_39.bmp 1
train_4.bmp 0
train_40.bmp 1
train_41.bmp 1
train_42.bmp 1
train_43.bmp 1
train_44.bmp 1
train_45.bmp 0
train_46.bmp 0
train_47.bmp 0
train_48.bmp 1
train_49.bmp 1
train_5.bmp 1
train_50.bmp 1
train_51.bmp 0
train_52.bmp 0
train_53.bmp 0
train_54.bmp 1
train_55.bmp 0
train_56.bmp 0
train_57.bmp 1
train_58.bmp 1
train_59.bmp 0
train_6.bmp 0
train_60.bmp 1
train_61.bmp 0
train_62.bmp 0
train_63.bmp 0
train_64.bmp 0
train_65.bmp 0
train_66.bmp 1
train_67.bmp 0
train_68.bmp 1
train_69.bmp 0
train_7.bmp 1
train_70.bmp 1
train_71.bmp 1
train_72.bmp 0
train_73.bmp 1
train_74.bmp 1
train_75.bmp 1
train_76.bmp 1
train_77.bmp 1
train_78.bmp 1
train_79.bmp 0
train_8.bmp 0
train_80.bmp 0
train_81.bmp 1
train_82.bmp 1
train_83.bmp 1
train_84.bmp 0
train_85.bmp 0
train_9.bmp 0
train_1.bmp 1
train_10.bmp 1
train_11.bmp 1
train_12.bmp 0
train_13.bmp 1
train_14.bmp 1
train_15.bmp 0
train_16.bmp 1
train_17.bmp 1
train_18.bmp 1
train_19.bmp 1
train_2.bmp 0
train_20.bmp 0
train_21.bmp 0
train_22.bmp 0
train_23.bmp 1
train_24.bmp 1
train_25.bmp 0
train_26.bmp 1
train_27.bmp 1
train_28.bmp 1
train_29.bmp 1
train_3.bmp 1
train_30.bmp 0
train_31.bmp 1
train_32.bmp 0
train_33.bmp 0
train_34.bmp 0
train_35.bmp 1
train_36.bmp 1
train_37.bmp 1
train_38.bmp 0
train_39.bmp 1
train_4.bmp 0
train_40.bmp 1
train_41.bmp 1
train_42.bmp 1
train_43.bmp 1
train_44.bmp 1
train_45.bmp 0
train_46.bmp 0
train_47.bmp 0
train_48.bmp 1
train_49.bmp 1
train_5.bmp 1
train_50.bmp 1
train_51.bmp 0
train_52.bmp 0
train_53.bmp 0
train_54.bmp 1
train_55.bmp 0
train_56.bmp 0
train_57.bmp 1
train_58.bmp 1
train_59.bmp 0
train_6.bmp 0
train_60.bmp 1
train_61.bmp 0
train_62.bmp 0
train_63.bmp 0
train_64.bmp 0
train_65.bmp 0
train_66.bmp 1
train_67.bmp 0
train_68.bmp 1
train_69.bmp 0
train_7.bmp 1
train_70.bmp 1
train_71.bmp 1
train_72.bmp 0
train_73.bmp 1
train_74.bmp 1
train_75.bmp 1
train_76.bmp 1
train_77.bmp 1
train_78.bmp 1
train_79.bmp 0
train_8.bmp 0
train_80.bmp 0
train_81.bmp 1
train_82.bmp 1
train_83.bmp 1
train_84.bmp 0
train_85.bmp 0
train_9.bmp 0
train_1.bmp 1
train_10.bmp 1
train_11.bmp 1
train_12.bmp 0
train_13.bmp 1
train_14.bmp 1
train_15.bmp 0
train_16.bmp 1
train_17.bmp 1
train_18.bmp 1
train_19.bmp 1
train_2.bmp 0
train_20.bmp 0
train_21.bmp 0
train_22.bmp 0
train_23.bmp 1
train_24.bmp 1
train_25.bmp 0
train_26.bmp 1
train_27.bmp 1
train_28.bmp 1
train_29.bmp 1
train_3.bmp 1
train_30.bmp 0
train_31.bmp 1
train_32.bmp 0
train_33.bmp 0
train_34.bmp 0
train_35.bmp 1
train_36.bmp 1
train_37.bmp 1
train_38.bmp 0
train_39.bmp 1
train_4.bmp 0
train_40.bmp 1
train_41.bmp 1
train_42.bmp 1
train_43.bmp 1
train_44.bmp 1
train_45.bmp 0
train_46.bmp 0
train_47.bmp 0
train_48.bmp 1
train_49.bmp 1
train_5.bmp 1
train_50.bmp 1
train_51.bmp 0
train_52.bmp 0
train_53.bmp 0
train_54.bmp 1
train_55.bmp 0
train_56.bmp 0
train_57.bmp 1
train_58.bmp 1
train_59.bmp 0
train_6.bmp 0
train_60.bmp 1
train_61.bmp 0
train_62.bmp 0
train_63.bmp 0
train_64.bmp 0
train_65.bmp 0
train_66.bmp 1
train_67.bmp 0
train_68.bmp 1
train_69.bmp 0
train_7.bmp 1
train_70.bmp 1
train_71.bmp 1
train_72.bmp 0
train_73.bmp 1
train_74.bmp 1
train_75.bmp 1
train_76.bmp 1
train_77.bmp 1
train_78.bmp 1
train_79.bmp 0
train_8.bmp 0
train_80.bmp 0
train_81.bmp 1
train_82.bmp 1
train_83.bmp 1
train_84.bmp 0
train_85.bmp 0
train_9.bmp 0
train_1.bmp 1
train_10.bmp 1
train_11.bmp 1
train_12.bmp 0
train_13.bmp 1
train_14.bmp 1
train_15.bmp 0
train_16.bmp 1
train_17.bmp 1
train_18.bmp 1
train_19.bmp 1
train_2.bmp 0
train_20.bmp 0
train_21.bmp 0
train_22.bmp 0
train_23.bmp 1
train_24.bmp 1
train_25.bmp 0
train_26.bmp 1
train_27.bmp 1
train_28.bmp 1
train_29.bmp 1
train_3.bmp 1
train_30.bmp 0
train_31.bmp 1
train_32.bmp 0
train_33.bmp 0
train_34.bmp 0
train_35.bmp 1
train_36.bmp 1
train_37.bmp 1
train_38.bmp 0
train_39.bmp 1
train_4.bmp 0
train_40.bmp 1
train_41.bmp 1
train_42.bmp 1
train_43.bmp 1
train_44.bmp 1
train_45.bmp 0
train_46.bmp 0
train_47.bmp 0
train_48.bmp 1
train_49.bmp 1
train_5.bmp 1
train_50.bmp 1
train_51.bmp 0
train_52.bmp 0
train_53.bmp 0
train_54.bmp 1
train_55.bmp 0
train_56.bmp 0
train_57.bmp 1
train_58.bmp 1
train_59.bmp 0
train_6.bmp 0
train_60.bmp 1
train_61.bmp 0
train_62.bmp 0
train_63.bmp 0
train_64.bmp 0
train_65.bmp 0
train_66.bmp 1
train_67.bmp 0
train_68.bmp 1
train_69.bmp 0
train_7.bmp 1
train_70.bmp 1
train_71.bmp 1
train_72.bmp 0
train_73.bmp 1
train_74.bmp 1
train_75.bmp 1
train_76.bmp 1
train_77.bmp 1
train_78.bmp 1
train_79.bmp 0
train_8.bmp 0
train_80.bmp 0
train_81.bmp 1
train_82.bmp 1
train_83.bmp 1
train_84.bmp 0
train_85.bmp 0
train_9.bmp 0
